#! /c/Source/iverilog-install/bin/vvp
:ivl_version "12.0 (devel)" "(s20150603-1539-g2693dd32b)";
:ivl_delay_selection "TYPICAL";
:vpi_time_precision - 10;
:vpi_module "C:\iverilog\lib\ivl\system.vpi";
:vpi_module "C:\iverilog\lib\ivl\vhdl_sys.vpi";
:vpi_module "C:\iverilog\lib\ivl\vhdl_textio.vpi";
:vpi_module "C:\iverilog\lib\ivl\v2005_math.vpi";
:vpi_module "C:\iverilog\lib\ivl\va_math.vpi";
S_00000239d376bd30 .scope module, "main_tb" "main_tb" 2 4;
 .timescale -9 -10;
v00000239d37b4510_0 .var "controle", 0 0;
v00000239d376c950_0 .var "operando", 3 0;
v00000239d376c9f0_0 .var "rotacoes", 2 0;
v00000239d376ca90_0 .net "saida", 3 0, L_00000239d3766f20;  1 drivers
S_00000239d376c7c0 .scope module, "main1" "main" 2 9, 3 12 0, S_00000239d376bd30;
 .timescale -9 -10;
    .port_info 0 /INPUT 4 "operando";
    .port_info 1 /INPUT 1 "controle";
    .port_info 2 /INPUT 3 "rotacoes";
    .port_info 3 /OUTPUT 4 "saida";
L_00000239d3766f20 .functor BUFZ 4, v00000239d37b43d0_0, C4<0000>, C4<0000>, C4<0000>;
v00000239d376ab60_0 .net "controle", 0 0, v00000239d37b4510_0;  1 drivers
v00000239d3766930_0 .net "operando", 3 0, v00000239d376c950_0;  1 drivers
v00000239d376bec0_0 .net "rotacoes", 2 0, v00000239d376c9f0_0;  1 drivers
v00000239d37b43d0_0 .var "s3", 3 0;
v00000239d37b4470_0 .net "saida", 3 0, L_00000239d3766f20;  alias, 1 drivers
E_00000239d3768bc0 .event anyedge, v00000239d376ab60_0;
    .scope S_00000239d376c7c0;
T_0 ;
    %wait E_00000239d3768bc0;
    %load/vec4 v00000239d376ab60_0;
    %cmpi/e 1, 0, 1;
    %jmp/0xz  T_0.0, 4;
    %load/vec4 v00000239d3766930_0;
    %ix/getv 4, v00000239d376bec0_0;
    %shiftl 4;
    %load/vec4 v00000239d3766930_0;
    %pushi/vec4 4, 0, 32;
    %load/vec4 v00000239d376bec0_0;
    %pad/u 32;
    %sub;
    %ix/vec4 4;
    %shiftr 4;
    %or;
    %store/vec4 v00000239d37b43d0_0, 0, 4;
T_0.0 ;
    %jmp T_0;
    .thread T_0, $push;
    .scope S_00000239d376c7c0;
T_1 ;
    %wait E_00000239d3768bc0;
    %load/vec4 v00000239d376ab60_0;
    %cmpi/e 0, 0, 1;
    %jmp/0xz  T_1.0, 4;
    %load/vec4 v00000239d3766930_0;
    %ix/getv 4, v00000239d376bec0_0;
    %shiftr 4;
    %load/vec4 v00000239d3766930_0;
    %pushi/vec4 4, 0, 32;
    %load/vec4 v00000239d376bec0_0;
    %pad/u 32;
    %sub;
    %ix/vec4 4;
    %shiftl 4;
    %or;
    %store/vec4 v00000239d37b43d0_0, 0, 4;
T_1.0 ;
    %jmp T_1;
    .thread T_1, $push;
    .scope S_00000239d376bd30;
T_2 ;
    %vpi_call 2 12 "$dumpfile", "main_tb.vcd" {0 0 0};
    %vpi_call 2 13 "$dumpvars", 32'sb00000000000000000000000000000000, S_00000239d376bd30 {0 0 0};
    %pushi/vec4 6, 0, 4;
    %store/vec4 v00000239d376c950_0, 0, 4;
    %pushi/vec4 0, 0, 1;
    %store/vec4 v00000239d37b4510_0, 0, 1;
    %pushi/vec4 2, 0, 3;
    %store/vec4 v00000239d376c9f0_0, 0, 3;
    %delay 100, 0;
    %pushi/vec4 14, 0, 4;
    %store/vec4 v00000239d376c950_0, 0, 4;
    %pushi/vec4 1, 0, 1;
    %store/vec4 v00000239d37b4510_0, 0, 1;
    %pushi/vec4 3, 0, 3;
    %store/vec4 v00000239d376c9f0_0, 0, 3;
    %delay 100, 0;
    %vpi_call 2 22 "$finish" {0 0 0};
    %end;
    .thread T_2;
# The file index is used to find the file name in the following table.
:file_names 4;
    "N/A";
    "<interactive>";
    "main_tb.v";
    "./main.v";
