#! /c/Source/iverilog-install/bin/vvp
:ivl_version "12.0 (devel)" "(s20150603-1539-g2693dd32b)";
:ivl_delay_selection "TYPICAL";
:vpi_time_precision + 0;
:vpi_module "C:\iverilog\lib\ivl\system.vpi";
:vpi_module "C:\iverilog\lib\ivl\vhdl_sys.vpi";
:vpi_module "C:\iverilog\lib\ivl\vhdl_textio.vpi";
:vpi_module "C:\iverilog\lib\ivl\v2005_math.vpi";
:vpi_module "C:\iverilog\lib\ivl\va_math.vpi";
S_000002950afd64f0 .scope module, "main" "main" 2 12;
 .timescale 0 0;
    .port_info 0 /INPUT 4 "operando";
    .port_info 1 /INPUT 1 "controle";
    .port_info 2 /INPUT 3 "rotacoes";
    .port_info 3 /OUTPUT 4 "saida";
L_000002950afd6ec0 .functor BUFZ 4, v000002950afdee60_0, C4<0000>, C4<0000>, C4<0000>;
o000002950b026fa8 .functor BUFZ 1, C4<z>; HiZ drive
v000002950afddf50_0 .net "controle", 0 0, o000002950b026fa8;  0 drivers
o000002950b026fd8 .functor BUFZ 4, C4<zzzz>; HiZ drive
v000002950afd6d30_0 .net "operando", 3 0, o000002950b026fd8;  0 drivers
o000002950b027008 .functor BUFZ 3, C4<zzz>; HiZ drive
v000002950afdedc0_0 .net "rotacoes", 2 0, o000002950b027008;  0 drivers
v000002950afdee60_0 .var "s3", 3 0;
v000002950afdef00_0 .net "saida", 3 0, L_000002950afd6ec0;  1 drivers
E_000002950b025d60 .event anyedge, v000002950afddf50_0;
    .scope S_000002950afd64f0;
T_0 ;
    %wait E_000002950b025d60;
    %load/vec4 v000002950afddf50_0;
    %cmpi/e 1, 0, 1;
    %jmp/0xz  T_0.0, 4;
    %load/vec4 v000002950afd6d30_0;
    %ix/getv 4, v000002950afdedc0_0;
    %shiftl 4;
    %load/vec4 v000002950afd6d30_0;
    %pushi/vec4 4, 0, 32;
    %load/vec4 v000002950afdedc0_0;
    %pad/u 32;
    %sub;
    %ix/vec4 4;
    %shiftr 4;
    %or;
    %store/vec4 v000002950afdee60_0, 0, 4;
T_0.0 ;
    %jmp T_0;
    .thread T_0, $push;
    .scope S_000002950afd64f0;
T_1 ;
    %wait E_000002950b025d60;
    %load/vec4 v000002950afddf50_0;
    %cmpi/e 0, 0, 1;
    %jmp/0xz  T_1.0, 4;
    %load/vec4 v000002950afd6d30_0;
    %ix/getv 4, v000002950afdedc0_0;
    %shiftr 4;
    %load/vec4 v000002950afd6d30_0;
    %pushi/vec4 4, 0, 32;
    %load/vec4 v000002950afdedc0_0;
    %pad/u 32;
    %sub;
    %ix/vec4 4;
    %shiftl 4;
    %or;
    %store/vec4 v000002950afdee60_0, 0, 4;
T_1.0 ;
    %jmp T_1;
    .thread T_1, $push;
# The file index is used to find the file name in the following table.
:file_names 3;
    "N/A";
    "<interactive>";
    "main.v";
